app/build/intermediates/manifest_merge_blame_file/debug/manifest-merger-blame-debug-report.txt
1<?xml version="1.0" encoding="utf-8"?>
2<manifest xmlns:android="http://schemas.android.com/apk/res/android"
3    package="com.example.betterto_do"
4    android:versionCode="1"
5    android:versionName="1.0" >
6
7    <uses-sdk
8        android:minSdkVersion="24"
9        android:targetSdkVersion="34" />
10
11    <uses-permission android:name="android.permission.ACCESS_NETWORK_STATE" />
11-->[com.firebaseui:firebase-ui-auth:7.2.0] AndroidManifest.xml:12:5-79
11-->[com.firebaseui:firebase-ui-auth:7.2.0] AndroidManifest.xml:12:22-76
12    <uses-permission android:name="android.permission.INTERNET" />
12-->[com.firebaseui:firebase-ui-auth:7.2.0] AndroidManifest.xml:13:5-67
12-->[com.firebaseui:firebase-ui-auth:7.2.0] AndroidManifest.xml:13:22-64
13    <uses-permission android:name="android.permission.WAKE_LOCK" />
13-->[com.google.android.gms:play-services-measurement:21.5.0] AndroidManifest.xml:25:5-68
13-->[com.google.android.gms:play-services-measurement:21.5.0] AndroidManifest.xml:25:22-65
14    <uses-permission android:name="com.google.android.finsky.permission.BIND_GET_INSTALL_REFERRER_SERVICE" />
14-->[com.google.android.gms:play-services-measurement:21.5.0] AndroidManifest.xml:26:5-110
14-->[com.google.android.gms:play-services-measurement:21.5.0] AndroidManifest.xml:26:22-107
15    <uses-permission android:name="com.google.android.gms.permission.AD_ID" />
15-->[com.google.android.gms:play-services-measurement-api:21.5.0] AndroidManifest.xml:25:5-79
15-->[com.google.android.gms:play-services-measurement-api:21.5.0] AndroidManifest.xml:25:22-76
16    <uses-permission android:name="android.permission.ACCESS_ADSERVICES_ATTRIBUTION" />
16-->[com.google.android.gms:play-services-measurement-api:21.5.0] AndroidManifest.xml:26:5-88
16-->[com.google.android.gms:play-services-measurement-api:21.5.0] AndroidManifest.xml:26:22-85
17    <uses-permission android:name="android.permission.ACCESS_ADSERVICES_AD_ID" />
17-->[com.google.android.gms:play-services-measurement-api:21.5.0] AndroidManifest.xml:27:5-82
17-->[com.google.android.gms:play-services-measurement-api:21.5.0] AndroidManifest.xml:27:22-79
18    <uses-permission android:name="android.permission.RECEIVE_BOOT_COMPLETED" />
18-->[androidx.work:work-runtime:2.8.1] AndroidManifest.xml:25:5-81
18-->[androidx.work:work-runtime:2.8.1] AndroidManifest.xml:25:22-78
19    <uses-permission android:name="android.permission.FOREGROUND_SERVICE" />
19-->[androidx.work:work-runtime:2.8.1] AndroidManifest.xml:26:5-77
19-->[androidx.work:work-runtime:2.8.1] AndroidManifest.xml:26:22-74
20
21    <permission
21-->[androidx.core:core:1.12.0] AndroidManifest.xml:22:5-24:47
22        android:name="com.example.betterto_do.DYNAMIC_RECEIVER_NOT_EXPORTED_PERMISSION"
22-->[androidx.core:core:1.12.0] AndroidManifest.xml:23:9-81
23        android:protectionLevel="signature" />
23-->[androidx.core:core:1.12.0] AndroidManifest.xml:24:9-44
24
25    <uses-permission android:name="com.example.betterto_do.DYNAMIC_RECEIVER_NOT_EXPORTED_PERMISSION" />
25-->[androidx.core:core:1.12.0] AndroidManifest.xml:26:5-97
25-->[androidx.core:core:1.12.0] AndroidManifest.xml:26:22-94
26
27    <application
27-->src\main\AndroidManifest.xml:5:5-55:19
28        android:allowBackup="true"
28-->src\main\AndroidManifest.xml:6:9-35
29        android:appComponentFactory="androidx.core.app.CoreComponentFactory"
29-->[androidx.core:core:1.12.0] AndroidManifest.xml:28:18-86
30        android:dataExtractionRules="@xml/data_extraction_rules"
30-->src\main\AndroidManifest.xml:7:9-65
31        android:debuggable="true"
32        android:extractNativeLibs="false"
33        android:fullBackupContent="@xml/backup_rules"
33-->src\main\AndroidManifest.xml:8:9-54
34        android:icon="@mipmap/ic_launcher"
34-->src\main\AndroidManifest.xml:9:9-43
35        android:label="@string/app_name"
35-->src\main\AndroidManifest.xml:10:9-41
36        android:roundIcon="@mipmap/ic_launcher_round"
36-->src\main\AndroidManifest.xml:11:9-54
37        android:supportsRtl="true"
37-->src\main\AndroidManifest.xml:12:9-35
38        android:testOnly="true"
39        android:theme="@style/Theme.BetterToDo" >
39-->src\main\AndroidManifest.xml:13:9-48
40
41        <!-- Service Declarations -->
42        <service
42-->src\main\AndroidManifest.xml:16:9-19:38
43            android:name="com.example.betterto_do.MyService"
43-->src\main\AndroidManifest.xml:17:13-38
44            android:enabled="true"
44-->src\main\AndroidManifest.xml:18:13-35
45            android:exported="true" />
45-->src\main\AndroidManifest.xml:19:13-36
46
47        <!-- Firebase Service -->
48        <service
48-->src\main\AndroidManifest.xml:22:9-26:19
49            android:name="com.google.firebase.components.ComponentDiscoveryService"
49-->src\main\AndroidManifest.xml:22:18-89
50            android:directBootAware="true"
50-->src\main\AndroidManifest.xml:22:90-120
51            android:exported="false" >
51-->[com.google.firebase:firebase-auth-ktx:22.3.0] AndroidManifest.xml:10:13-37
52            <meta-data
52-->src\main\AndroidManifest.xml:23:13-25:85
53                android:name="com.google.firebase.components:com.google.firebase.analytics.connector.internal.AnalyticsConnectorRegistrar"
53-->src\main\AndroidManifest.xml:24:17-139
54                android:value="com.google.firebase.components.ComponentRegistrar" />
54-->src\main\AndroidManifest.xml:25:17-82
55            <meta-data
55-->[com.google.firebase:firebase-auth-ktx:22.3.0] AndroidManifest.xml:11:13-13:85
56                android:name="com.google.firebase.components:com.google.firebase.auth.ktx.FirebaseAuthLegacyRegistrar"
56-->[com.google.firebase:firebase-auth-ktx:22.3.0] AndroidManifest.xml:12:17-119
57                android:value="com.google.firebase.components.ComponentRegistrar" />
57-->[com.google.firebase:firebase-auth-ktx:22.3.0] AndroidManifest.xml:13:17-82
58            <meta-data
58-->[com.google.firebase:firebase-auth:22.3.0] AndroidManifest.xml:69:13-71:85
59                android:name="com.google.firebase.components:com.google.firebase.auth.FirebaseAuthRegistrar"
59-->[com.google.firebase:firebase-auth:22.3.0] AndroidManifest.xml:70:17-109
60                android:value="com.google.firebase.components.ComponentRegistrar" />
60-->[com.google.firebase:firebase-auth:22.3.0] AndroidManifest.xml:71:17-82
61            <meta-data
61-->[com.google.firebase:firebase-installations:17.2.0] AndroidManifest.xml:15:13-17:85
62                android:name="com.google.firebase.components:com.google.firebase.installations.FirebaseInstallationsKtxRegistrar"
62-->[com.google.firebase:firebase-installations:17.2.0] AndroidManifest.xml:16:17-130
63                android:value="com.google.firebase.components.ComponentRegistrar" />
63-->[com.google.firebase:firebase-installations:17.2.0] AndroidManifest.xml:17:17-82
64            <meta-data
64-->[com.google.firebase:firebase-installations:17.2.0] AndroidManifest.xml:18:13-20:85
65                android:name="com.google.firebase.components:com.google.firebase.installations.FirebaseInstallationsRegistrar"
65-->[com.google.firebase:firebase-installations:17.2.0] AndroidManifest.xml:19:17-127
66                android:value="com.google.firebase.components.ComponentRegistrar" />
66-->[com.google.firebase:firebase-installations:17.2.0] AndroidManifest.xml:20:17-82
67            <meta-data
67-->[com.google.firebase:firebase-common-ktx:20.4.2] AndroidManifest.xml:12:13-14:85
68                android:name="com.google.firebase.components:com.google.firebase.ktx.FirebaseCommonLegacyRegistrar"
68-->[com.google.firebase:firebase-common-ktx:20.4.2] AndroidManifest.xml:13:17-116
69                android:value="com.google.firebase.components.ComponentRegistrar" />
69-->[com.google.firebase:firebase-common-ktx:20.4.2] AndroidManifest.xml:14:17-82
70            <meta-data
70-->[com.google.firebase:firebase-common:20.4.2] AndroidManifest.xml:35:13-37:85
71                android:name="com.google.firebase.components:com.google.firebase.FirebaseCommonKtxRegistrar"
71-->[com.google.firebase:firebase-common:20.4.2] AndroidManifest.xml:36:17-109
72                android:value="com.google.firebase.components.ComponentRegistrar" />
72-->[com.google.firebase:firebase-common:20.4.2] AndroidManifest.xml:37:17-82
73        </service>
74
75        <!-- Activity Declarations -->
76        <activity
76-->src\main\AndroidManifest.xml:29:9-33:55
77            android:name="com.example.betterto_do.Register"
77-->src\main\AndroidManifest.xml:30:13-37
78            android:exported="true"
78-->src\main\AndroidManifest.xml:31:13-36
79            android:label="@string/title_activity_register"
79-->src\main\AndroidManifest.xml:32:13-60
80            android:theme="@style/Theme.BetterToDo" />
80-->src\main\AndroidManifest.xml:33:13-52
81        <activity
81-->src\main\AndroidManifest.xml:34:9-38:55
82            android:name="com.example.betterto_do.Login"
82-->src\main\AndroidManifest.xml:35:13-34
83            android:exported="true"
83-->src\main\AndroidManifest.xml:36:13-36
84            android:label="@string/title_activity_login"
84-->src\main\AndroidManifest.xml:37:13-57
85            android:theme="@style/Theme.BetterToDo" />
85-->src\main\AndroidManifest.xml:38:13-52
86        <activity
86-->src\main\AndroidManifest.xml:39:9-47:20
87            android:name="com.example.betterto_do.MainActivity"
87-->src\main\AndroidManifest.xml:40:13-41
88            android:exported="true"
88-->src\main\AndroidManifest.xml:41:13-36
89            android:theme="@style/Theme.BetterToDo" >
89-->src\main\AndroidManifest.xml:42:13-52
90            <intent-filter>
90-->src\main\AndroidManifest.xml:43:13-46:29
91                <action android:name="android.intent.action.MAIN" />
91-->src\main\AndroidManifest.xml:44:17-69
91-->src\main\AndroidManifest.xml:44:25-66
92
93                <category android:name="android.intent.category.LAUNCHER" />
93-->src\main\AndroidManifest.xml:45:17-77
93-->src\main\AndroidManifest.xml:45:27-74
94            </intent-filter>
95        </activity>
96
97        <!-- Dashboard Activity Declaration -->
98        <activity
98-->src\main\AndroidManifest.xml:50:9-54:55
99            android:name="com.example.betterto_do.Dashboard"
99-->src\main\AndroidManifest.xml:51:13-38
100            android:exported="true"
100-->src\main\AndroidManifest.xml:52:13-36
101            android:label="@string/title_activity_dashboard"
101-->src\main\AndroidManifest.xml:53:13-61
102            android:theme="@style/Theme.BetterToDo" />
102-->src\main\AndroidManifest.xml:54:13-52
103
104        <meta-data
104-->[com.firebaseui:firebase-ui-auth:7.2.0] AndroidManifest.xml:16:9-18:69
105            android:name="com.google.android.gms.version"
105-->[com.firebaseui:firebase-ui-auth:7.2.0] AndroidManifest.xml:17:13-58
106            android:value="@integer/google_play_services_version" />
106-->[com.firebaseui:firebase-ui-auth:7.2.0] AndroidManifest.xml:18:13-66
107        <meta-data
107-->[com.firebaseui:firebase-ui-auth:7.2.0] AndroidManifest.xml:19:9-21:63
108            android:name="com.facebook.sdk.ApplicationId"
108-->[com.firebaseui:firebase-ui-auth:7.2.0] AndroidManifest.xml:20:13-58
109            android:value="@string/facebook_application_id" />
109-->[com.firebaseui:firebase-ui-auth:7.2.0] AndroidManifest.xml:21:13-60
110
111        <activity
111-->[com.firebaseui:firebase-ui-auth:7.2.0] AndroidManifest.xml:23:9-27:61
112            android:name="com.firebase.ui.auth.KickoffActivity"
112-->[com.firebaseui:firebase-ui-auth:7.2.0] AndroidManifest.xml:24:13-64
113            android:exported="false"
113-->[com.firebaseui:firebase-ui-auth:7.2.0] AndroidManifest.xml:25:13-37
114            android:label=""
114-->[com.firebaseui:firebase-ui-auth:7.2.0] AndroidManifest.xml:26:13-29
115            android:theme="@style/FirebaseUI.Transparent" />
115-->[com.firebaseui:firebase-ui-auth:7.2.0] AndroidManifest.xml:27:13-58
116        <activity
116-->[com.firebaseui:firebase-ui-auth:7.2.0] AndroidManifest.xml:28:9-32:61
117            android:name="com.firebase.ui.auth.ui.idp.SingleSignInActivity"
117-->[com.firebaseui:firebase-ui-auth:7.2.0] AndroidManifest.xml:29:13-76
118            android:exported="false"
118-->[com.firebaseui:firebase-ui-auth:7.2.0] AndroidManifest.xml:30:13-37
119            android:label=""
119-->[com.firebaseui:firebase-ui-auth:7.2.0] AndroidManifest.xml:31:13-29
120            android:theme="@style/FirebaseUI.Transparent" />
120-->[com.firebaseui:firebase-ui-auth:7.2.0] AndroidManifest.xml:32:13-58
121        <activity
121-->[com.firebaseui:firebase-ui-auth:7.2.0] AndroidManifest.xml:33:9-37:61
122            android:name="com.firebase.ui.auth.ui.credentials.CredentialSaveActivity"
122-->[com.firebaseui:firebase-ui-auth:7.2.0] AndroidManifest.xml:34:13-86
123            android:exported="false"
123-->[com.firebaseui:firebase-ui-auth:7.2.0] AndroidManifest.xml:35:13-37
124            android:label=""
124-->[com.firebaseui:firebase-ui-auth:7.2.0] AndroidManifest.xml:36:13-29
125            android:theme="@style/FirebaseUI.Transparent" />
125-->[com.firebaseui:firebase-ui-auth:7.2.0] AndroidManifest.xml:37:13-58
126        <activity
126-->[com.firebaseui:firebase-ui-auth:7.2.0] AndroidManifest.xml:38:9-42:58
127            android:name="com.firebase.ui.auth.ui.email.RecoverPasswordActivity"
127-->[com.firebaseui:firebase-ui-auth:7.2.0] AndroidManifest.xml:39:13-81
128            android:exported="false"
128-->[com.firebaseui:firebase-ui-auth:7.2.0] AndroidManifest.xml:40:13-37
129            android:label="@string/fui_title_recover_password_activity"
129-->[com.firebaseui:firebase-ui-auth:7.2.0] AndroidManifest.xml:41:13-72
130            android:windowSoftInputMode="adjustResize" />
130-->[com.firebaseui:firebase-ui-auth:7.2.0] AndroidManifest.xml:42:13-55
131        <activity
131-->[com.firebaseui:firebase-ui-auth:7.2.0] AndroidManifest.xml:43:9-47:58
132            android:name="com.firebase.ui.auth.ui.email.EmailActivity"
132-->[com.firebaseui:firebase-ui-auth:7.2.0] AndroidManifest.xml:44:13-71
133            android:exported="false"
133-->[com.firebaseui:firebase-ui-auth:7.2.0] AndroidManifest.xml:45:13-37
134            android:label="@string/fui_sign_in_default"
134-->[com.firebaseui:firebase-ui-auth:7.2.0] AndroidManifest.xml:46:13-56
135            android:windowSoftInputMode="adjustResize" />
135-->[com.firebaseui:firebase-ui-auth:7.2.0] AndroidManifest.xml:47:13-55
136        <activity
136-->[com.firebaseui:firebase-ui-auth:7.2.0] AndroidManifest.xml:48:9-52:77
137            android:name="com.firebase.ui.auth.ui.phone.PhoneActivity"
137-->[com.firebaseui:firebase-ui-auth:7.2.0] AndroidManifest.xml:49:13-71
138            android:exported="false"
138-->[com.firebaseui:firebase-ui-auth:7.2.0] AndroidManifest.xml:50:13-37
139            android:label="@string/fui_sign_in_with_phone_number"
139-->[com.firebaseui:firebase-ui-auth:7.2.0] AndroidManifest.xml:51:13-66
140            android:windowSoftInputMode="adjustResize|stateAlwaysVisible" />
140-->[com.firebaseui:firebase-ui-auth:7.2.0] AndroidManifest.xml:52:13-74
141        <activity
141-->[com.firebaseui:firebase-ui-auth:7.2.0] AndroidManifest.xml:53:9-57:58
142            android:name="com.firebase.ui.auth.ui.idp.WelcomeBackIdpPrompt"
142-->[com.firebaseui:firebase-ui-auth:7.2.0] AndroidManifest.xml:54:13-76
143            android:exported="false"
143-->[com.firebaseui:firebase-ui-auth:7.2.0] AndroidManifest.xml:55:13-37
144            android:label="@string/fui_title_welcome_back_idp_prompt"
144-->[com.firebaseui:firebase-ui-auth:7.2.0] AndroidManifest.xml:56:13-70
145            android:windowSoftInputMode="adjustResize" />
145-->[com.firebaseui:firebase-ui-auth:7.2.0] AndroidManifest.xml:57:13-55
146        <activity
146-->[com.firebaseui:firebase-ui-auth:7.2.0] AndroidManifest.xml:58:9-62:58
147            android:name="com.firebase.ui.auth.ui.email.WelcomeBackPasswordPrompt"
147-->[com.firebaseui:firebase-ui-auth:7.2.0] AndroidManifest.xml:59:13-83
148            android:exported="false"
148-->[com.firebaseui:firebase-ui-auth:7.2.0] AndroidManifest.xml:60:13-37
149            android:label="@string/fui_title_welcome_back_password_prompt"
149-->[com.firebaseui:firebase-ui-auth:7.2.0] AndroidManifest.xml:61:13-75
150            android:windowSoftInputMode="adjustResize" />
150-->[com.firebaseui:firebase-ui-auth:7.2.0] AndroidManifest.xml:62:13-55
151        <activity
151-->[com.firebaseui:firebase-ui-auth:7.2.0] AndroidManifest.xml:63:9-67:58
152            android:name="com.firebase.ui.auth.ui.email.WelcomeBackEmailLinkPrompt"
152-->[com.firebaseui:firebase-ui-auth:7.2.0] AndroidManifest.xml:64:13-84
153            android:exported="false"
153-->[com.firebaseui:firebase-ui-auth:7.2.0] AndroidManifest.xml:65:13-37
154            android:label="@string/fui_title_welcome_back_password_prompt"
154-->[com.firebaseui:firebase-ui-auth:7.2.0] AndroidManifest.xml:66:13-75
155            android:windowSoftInputMode="adjustResize" />
155-->[com.firebaseui:firebase-ui-auth:7.2.0] AndroidManifest.xml:67:13-55
156        <activity
156-->[com.firebaseui:firebase-ui-auth:7.2.0] AndroidManifest.xml:68:9-73:58
157            android:name="com.firebase.ui.auth.ui.email.EmailLinkCatcherActivity"
157-->[com.firebaseui:firebase-ui-auth:7.2.0] AndroidManifest.xml:69:13-82
158            android:exported="false"
158-->[com.firebaseui:firebase-ui-auth:7.2.0] AndroidManifest.xml:70:13-37
159            android:label=""
159-->[com.firebaseui:firebase-ui-auth:7.2.0] AndroidManifest.xml:71:13-29
160            android:theme="@style/FirebaseUI.Transparent"
160-->[com.firebaseui:firebase-ui-auth:7.2.0] AndroidManifest.xml:72:13-58
161            android:windowSoftInputMode="adjustResize" />
161-->[com.firebaseui:firebase-ui-auth:7.2.0] AndroidManifest.xml:73:13-55
162        <activity
162-->[com.firebaseui:firebase-ui-auth:7.2.0] AndroidManifest.xml:74:9-78:58
163            android:name="com.firebase.ui.auth.ui.email.EmailLinkErrorRecoveryActivity"
163-->[com.firebaseui:firebase-ui-auth:7.2.0] AndroidManifest.xml:75:13-88
164            android:exported="false"
164-->[com.firebaseui:firebase-ui-auth:7.2.0] AndroidManifest.xml:76:13-37
165            android:label="@string/fui_sign_in_default"
165-->[com.firebaseui:firebase-ui-auth:7.2.0] AndroidManifest.xml:77:13-56
166            android:windowSoftInputMode="adjustResize" />
166-->[com.firebaseui:firebase-ui-auth:7.2.0] AndroidManifest.xml:78:13-55
167        <activity
167-->[com.firebaseui:firebase-ui-auth:7.2.0] AndroidManifest.xml:79:9-82:65
168            android:name="com.firebase.ui.auth.ui.idp.AuthMethodPickerActivity"
168-->[com.firebaseui:firebase-ui-auth:7.2.0] AndroidManifest.xml:80:13-80
169            android:exported="false"
169-->[com.firebaseui:firebase-ui-auth:7.2.0] AndroidManifest.xml:81:13-37
170            android:label="@string/fui_default_toolbar_title" />
170-->[com.firebaseui:firebase-ui-auth:7.2.0] AndroidManifest.xml:82:13-62
171        <activity
171-->[com.firebaseui:firebase-ui-auth:7.2.0] AndroidManifest.xml:83:9-87:48
172            android:name="com.facebook.FacebookActivity"
172-->[com.firebaseui:firebase-ui-auth:7.2.0] AndroidManifest.xml:84:13-57
173            android:configChanges="keyboard|keyboardHidden|screenLayout|screenSize|orientation"
173-->[com.firebaseui:firebase-ui-auth:7.2.0] AndroidManifest.xml:85:13-96
174            android:label="@string/app_name" />
174-->[com.firebaseui:firebase-ui-auth:7.2.0] AndroidManifest.xml:86:13-45
175        <activity
175-->[com.firebaseui:firebase-ui-auth:7.2.0] AndroidManifest.xml:88:9-100:20
176            android:name="com.facebook.CustomTabActivity"
176-->[com.firebaseui:firebase-ui-auth:7.2.0] AndroidManifest.xml:89:13-58
177            android:exported="true" >
177-->[com.firebaseui:firebase-ui-auth:7.2.0] AndroidManifest.xml:90:13-36
178            <intent-filter>
178-->[com.firebaseui:firebase-ui-auth:7.2.0] AndroidManifest.xml:92:13-99:29
179                <action android:name="android.intent.action.VIEW" />
179-->[com.firebaseui:firebase-ui-auth:7.2.0] AndroidManifest.xml:93:17-69
179-->[com.firebaseui:firebase-ui-auth:7.2.0] AndroidManifest.xml:93:25-66
180
181                <category android:name="android.intent.category.DEFAULT" />
181-->[com.firebaseui:firebase-ui-auth:7.2.0] AndroidManifest.xml:95:17-76
181-->[com.firebaseui:firebase-ui-auth:7.2.0] AndroidManifest.xml:95:27-73
182                <category android:name="android.intent.category.BROWSABLE" />
182-->[com.firebaseui:firebase-ui-auth:7.2.0] AndroidManifest.xml:96:17-78
182-->[com.firebaseui:firebase-ui-auth:7.2.0] AndroidManifest.xml:96:27-75
183
184                <data android:scheme="@string/facebook_login_protocol_scheme" />
184-->[com.firebaseui:firebase-ui-auth:7.2.0] AndroidManifest.xml:98:17-81
184-->[com.firebaseui:firebase-ui-auth:7.2.0] AndroidManifest.xml:98:23-78
185            </intent-filter>
186        </activity>
187
188        <provider
188-->[com.firebaseui:firebase-ui-auth:7.2.0] AndroidManifest.xml:102:9-106:38
189            android:name="com.firebase.ui.auth.data.client.AuthUiInitProvider"
189-->[com.firebaseui:firebase-ui-auth:7.2.0] AndroidManifest.xml:103:13-79
190            android:authorities="com.example.betterto_do.authuiinitprovider"
190-->[com.firebaseui:firebase-ui-auth:7.2.0] AndroidManifest.xml:104:13-70
191            android:exported="false"
191-->[com.firebaseui:firebase-ui-auth:7.2.0] AndroidManifest.xml:105:13-37
192            android:initOrder="90" />
192-->[com.firebaseui:firebase-ui-auth:7.2.0] AndroidManifest.xml:106:13-35
193
194        <activity
194-->[androidx.compose.ui:ui-tooling-android:1.5.4] AndroidManifest.xml:23:9-25:39
195            android:name="androidx.compose.ui.tooling.PreviewActivity"
195-->[androidx.compose.ui:ui-tooling-android:1.5.4] AndroidManifest.xml:24:13-71
196            android:exported="true" />
196-->[androidx.compose.ui:ui-tooling-android:1.5.4] AndroidManifest.xml:25:13-36
197        <activity
197-->[androidx.compose.ui:ui-test-manifest:1.5.4] AndroidManifest.xml:23:9-25:39
198            android:name="androidx.activity.ComponentActivity"
198-->[androidx.compose.ui:ui-test-manifest:1.5.4] AndroidManifest.xml:24:13-63
199            android:exported="true" />
199-->[androidx.compose.ui:ui-test-manifest:1.5.4] AndroidManifest.xml:25:13-36
200        <activity
200-->[com.google.android.gms:play-services-auth:19.0.0] AndroidManifest.xml:23:9-27:75
201            android:name="com.google.android.gms.auth.api.signin.internal.SignInHubActivity"
201-->[com.google.android.gms:play-services-auth:19.0.0] AndroidManifest.xml:24:13-93
202            android:excludeFromRecents="true"
202-->[com.google.android.gms:play-services-auth:19.0.0] AndroidManifest.xml:25:13-46
203            android:exported="false"
203-->[com.google.android.gms:play-services-auth:19.0.0] AndroidManifest.xml:26:13-37
204            android:theme="@android:style/Theme.Translucent.NoTitleBar" />
204-->[com.google.android.gms:play-services-auth:19.0.0] AndroidManifest.xml:27:13-72
205        <!--
206            Service handling Google Sign-In user revocation. For apps that do not integrate with
207            Google Sign-In, this service will never be started.
208        -->
209        <service
209-->[com.google.android.gms:play-services-auth:19.0.0] AndroidManifest.xml:33:9-37:51
210            android:name="com.google.android.gms.auth.api.signin.RevocationBoundService"
210-->[com.google.android.gms:play-services-auth:19.0.0] AndroidManifest.xml:34:13-89
211            android:exported="true"
211-->[com.google.android.gms:play-services-auth:19.0.0] AndroidManifest.xml:35:13-36
212            android:permission="com.google.android.gms.auth.api.signin.permission.REVOCATION_NOTIFICATION"
212-->[com.google.android.gms:play-services-auth:19.0.0] AndroidManifest.xml:36:13-107
213            android:visibleToInstantApps="true" />
213-->[com.google.android.gms:play-services-auth:19.0.0] AndroidManifest.xml:37:13-48
214
215        <activity
215-->[com.google.firebase:firebase-auth:22.3.0] AndroidManifest.xml:29:9-46:20
216            android:name="com.google.firebase.auth.internal.GenericIdpActivity"
216-->[com.google.firebase:firebase-auth:22.3.0] AndroidManifest.xml:30:13-80
217            android:excludeFromRecents="true"
217-->[com.google.firebase:firebase-auth:22.3.0] AndroidManifest.xml:31:13-46
218            android:exported="true"
218-->[com.google.firebase:firebase-auth:22.3.0] AndroidManifest.xml:32:13-36
219            android:launchMode="singleTask"
219-->[com.google.firebase:firebase-auth:22.3.0] AndroidManifest.xml:33:13-44
220            android:theme="@android:style/Theme.Translucent.NoTitleBar" >
220-->[com.google.firebase:firebase-auth:22.3.0] AndroidManifest.xml:34:13-72
221            <intent-filter>
221-->[com.google.firebase:firebase-auth:22.3.0] AndroidManifest.xml:35:13-45:29
222                <action android:name="android.intent.action.VIEW" />
222-->[com.firebaseui:firebase-ui-auth:7.2.0] AndroidManifest.xml:93:17-69
222-->[com.firebaseui:firebase-ui-auth:7.2.0] AndroidManifest.xml:93:25-66
223
224                <category android:name="android.intent.category.DEFAULT" />
224-->[com.firebaseui:firebase-ui-auth:7.2.0] AndroidManifest.xml:95:17-76
224-->[com.firebaseui:firebase-ui-auth:7.2.0] AndroidManifest.xml:95:27-73
225                <category android:name="android.intent.category.BROWSABLE" />
225-->[com.firebaseui:firebase-ui-auth:7.2.0] AndroidManifest.xml:96:17-78
225-->[com.firebaseui:firebase-ui-auth:7.2.0] AndroidManifest.xml:96:27-75
226
227                <data
227-->[com.firebaseui:firebase-ui-auth:7.2.0] AndroidManifest.xml:98:17-81
228                    android:host="firebase.auth"
229                    android:path="/"
230                    android:scheme="genericidp" />
230-->[com.firebaseui:firebase-ui-auth:7.2.0] AndroidManifest.xml:98:23-78
231            </intent-filter>
232        </activity>
233        <activity
233-->[com.google.firebase:firebase-auth:22.3.0] AndroidManifest.xml:47:9-64:20
234            android:name="com.google.firebase.auth.internal.RecaptchaActivity"
234-->[com.google.firebase:firebase-auth:22.3.0] AndroidManifest.xml:48:13-79
235            android:excludeFromRecents="true"
235-->[com.google.firebase:firebase-auth:22.3.0] AndroidManifest.xml:49:13-46
236            android:exported="true"
236-->[com.google.firebase:firebase-auth:22.3.0] AndroidManifest.xml:50:13-36
237            android:launchMode="singleTask"
237-->[com.google.firebase:firebase-auth:22.3.0] AndroidManifest.xml:51:13-44
238            android:theme="@android:style/Theme.Translucent.NoTitleBar" >
238-->[com.google.firebase:firebase-auth:22.3.0] AndroidManifest.xml:52:13-72
239            <intent-filter>
239-->[com.google.firebase:firebase-auth:22.3.0] AndroidManifest.xml:53:13-63:29
240                <action android:name="android.intent.action.VIEW" />
240-->[com.firebaseui:firebase-ui-auth:7.2.0] AndroidManifest.xml:93:17-69
240-->[com.firebaseui:firebase-ui-auth:7.2.0] AndroidManifest.xml:93:25-66
241
242                <category android:name="android.intent.category.DEFAULT" />
242-->[com.firebaseui:firebase-ui-auth:7.2.0] AndroidManifest.xml:95:17-76
242-->[com.firebaseui:firebase-ui-auth:7.2.0] AndroidManifest.xml:95:27-73
243                <category android:name="android.intent.category.BROWSABLE" />
243-->[com.firebaseui:firebase-ui-auth:7.2.0] AndroidManifest.xml:96:17-78
243-->[com.firebaseui:firebase-ui-auth:7.2.0] AndroidManifest.xml:96:27-75
244
245                <data
245-->[com.firebaseui:firebase-ui-auth:7.2.0] AndroidManifest.xml:98:17-81
246                    android:host="firebase.auth"
247                    android:path="/"
248                    android:scheme="recaptcha" />
248-->[com.firebaseui:firebase-ui-auth:7.2.0] AndroidManifest.xml:98:23-78
249            </intent-filter>
250        </activity>
251
252        <receiver
252-->[com.google.android.gms:play-services-measurement:21.5.0] AndroidManifest.xml:29:9-33:20
253            android:name="com.google.android.gms.measurement.AppMeasurementReceiver"
253-->[com.google.android.gms:play-services-measurement:21.5.0] AndroidManifest.xml:30:13-85
254            android:enabled="true"
254-->[com.google.android.gms:play-services-measurement:21.5.0] AndroidManifest.xml:31:13-35
255            android:exported="false" >
255-->[com.google.android.gms:play-services-measurement:21.5.0] AndroidManifest.xml:32:13-37
256        </receiver>
257
258        <service
258-->[com.google.android.gms:play-services-measurement:21.5.0] AndroidManifest.xml:35:9-38:40
259            android:name="com.google.android.gms.measurement.AppMeasurementService"
259-->[com.google.android.gms:play-services-measurement:21.5.0] AndroidManifest.xml:36:13-84
260            android:enabled="true"
260-->[com.google.android.gms:play-services-measurement:21.5.0] AndroidManifest.xml:37:13-35
261            android:exported="false" />
261-->[com.google.android.gms:play-services-measurement:21.5.0] AndroidManifest.xml:38:13-37
262        <service
262-->[com.google.android.gms:play-services-measurement:21.5.0] AndroidManifest.xml:39:9-43:72
263            android:name="com.google.android.gms.measurement.AppMeasurementJobService"
263-->[com.google.android.gms:play-services-measurement:21.5.0] AndroidManifest.xml:40:13-87
264            android:enabled="true"
264-->[com.google.android.gms:play-services-measurement:21.5.0] AndroidManifest.xml:41:13-35
265            android:exported="false"
265-->[com.google.android.gms:play-services-measurement:21.5.0] AndroidManifest.xml:42:13-37
266            android:permission="android.permission.BIND_JOB_SERVICE" />
266-->[com.google.android.gms:play-services-measurement:21.5.0] AndroidManifest.xml:43:13-69
267
268        <property